<?xml version="1.0" encoding="UTF-8"?><testsuite errors="0" failures="0" name="Go to checkout using pickup delivery" skipped="7" tests="7" time="186.06" timestamp="2022-03-31 01:58:17"><testcase name="Select Koszalin"><skipped/></testcase><testcase name="Select  Słupsk"><skipped/></testcase><testcase name="Select Szczecin"><skipped/></testcase><testcase name="Select Piła"><skipped/></testcase><testcase name="Select Toruń"><skipped/></testcase><testcase name="Select Bydgoszcz"><skipped/></testcase><testcase name="Select Wrocław"><skipped/></testcase></testsuite>